                                 Started job on |	Feb 14 10:28:44
                             Started mapping on |	Feb 14 10:28:46
                                    Finished on |	Feb 14 10:31:12
       Mapping speed, Million of reads per hour |	164.48

                          Number of input reads |	6670415
                      Average input read length |	166
                                    UNIQUE READS:
                   Uniquely mapped reads number |	5197341
                        Uniquely mapped reads % |	77.92%
                          Average mapped length |	151.39
                       Number of splices: Total |	0
            Number of splices: Annotated (sjdb) |	0
                       Number of splices: GT/AG |	0
                       Number of splices: GC/AG |	0
                       Number of splices: AT/AC |	0
               Number of splices: Non-canonical |	0
                      Mismatch rate per base, % |	0.00%
                         Deletion rate per base |	0.02%
                        Deletion average length |	1.42
                        Insertion rate per base |	3.64%
                       Insertion average length |	2.99
                             MULTI-MAPPING READS:
        Number of reads mapped to multiple loci |	7121
             % of reads mapped to multiple loci |	0.11%
        Number of reads mapped to too many loci |	0
             % of reads mapped to too many loci |	0.00%
                                  UNMAPPED READS:
  Number of reads unmapped: too many mismatches |	0
       % of reads unmapped: too many mismatches |	0.00%
            Number of reads unmapped: too short |	1465953
                 % of reads unmapped: too short |	21.98%
                Number of reads unmapped: other |	0
                     % of reads unmapped: other |	0.00%
                                  CHIMERIC READS:
                       Number of chimeric reads |	0
                            % of chimeric reads |	0.00%
