                                 Started job on |	Feb 14 10:20:44
                             Started mapping on |	Feb 14 10:20:46
                                    Finished on |	Feb 14 10:23:27
       Mapping speed, Million of reads per hour |	165.15

                          Number of input reads |	7385678
                      Average input read length |	166
                                    UNIQUE READS:
                   Uniquely mapped reads number |	5711691
                        Uniquely mapped reads % |	77.33%
                          Average mapped length |	151.05
                       Number of splices: Total |	2
            Number of splices: Annotated (sjdb) |	0
                       Number of splices: GT/AG |	0
                       Number of splices: GC/AG |	0
                       Number of splices: AT/AC |	0
               Number of splices: Non-canonical |	2
                      Mismatch rate per base, % |	0.00%
                         Deletion rate per base |	0.02%
                        Deletion average length |	1.37
                        Insertion rate per base |	3.62%
                       Insertion average length |	2.99
                             MULTI-MAPPING READS:
        Number of reads mapped to multiple loci |	8844
             % of reads mapped to multiple loci |	0.12%
        Number of reads mapped to too many loci |	0
             % of reads mapped to too many loci |	0.00%
                                  UNMAPPED READS:
  Number of reads unmapped: too many mismatches |	0
       % of reads unmapped: too many mismatches |	0.00%
            Number of reads unmapped: too short |	1665143
                 % of reads unmapped: too short |	22.55%
                Number of reads unmapped: other |	0
                     % of reads unmapped: other |	0.00%
                                  CHIMERIC READS:
                       Number of chimeric reads |	0
                            % of chimeric reads |	0.00%
