                                 Started job on |	Feb 14 10:05:42
                             Started mapping on |	Feb 14 10:05:44
                                    Finished on |	Feb 14 10:07:28
       Mapping speed, Million of reads per hour |	165.53

                          Number of input reads |	4782004
                      Average input read length |	166
                                    UNIQUE READS:
                   Uniquely mapped reads number |	3727685
                        Uniquely mapped reads % |	77.95%
                          Average mapped length |	151.40
                       Number of splices: Total |	2
            Number of splices: Annotated (sjdb) |	0
                       Number of splices: GT/AG |	0
                       Number of splices: GC/AG |	0
                       Number of splices: AT/AC |	0
               Number of splices: Non-canonical |	2
                      Mismatch rate per base, % |	0.00%
                         Deletion rate per base |	0.02%
                        Deletion average length |	1.45
                        Insertion rate per base |	3.64%
                       Insertion average length |	2.99
                             MULTI-MAPPING READS:
        Number of reads mapped to multiple loci |	6056
             % of reads mapped to multiple loci |	0.13%
        Number of reads mapped to too many loci |	0
             % of reads mapped to too many loci |	0.00%
                                  UNMAPPED READS:
  Number of reads unmapped: too many mismatches |	0
       % of reads unmapped: too many mismatches |	0.00%
            Number of reads unmapped: too short |	1048262
                 % of reads unmapped: too short |	21.92%
                Number of reads unmapped: other |	1
                     % of reads unmapped: other |	0.00%
                                  CHIMERIC READS:
                       Number of chimeric reads |	0
                            % of chimeric reads |	0.00%
