                                 Started job on |	Feb 14 10:12:05
                             Started mapping on |	Feb 14 10:12:07
                                    Finished on |	Feb 14 10:13:50
       Mapping speed, Million of reads per hour |	165.71

                          Number of input reads |	4741168
                      Average input read length |	166
                                    UNIQUE READS:
                   Uniquely mapped reads number |	3684879
                        Uniquely mapped reads % |	77.72%
                          Average mapped length |	151.01
                       Number of splices: Total |	1
            Number of splices: Annotated (sjdb) |	0
                       Number of splices: GT/AG |	0
                       Number of splices: GC/AG |	0
                       Number of splices: AT/AC |	0
               Number of splices: Non-canonical |	1
                      Mismatch rate per base, % |	0.00%
                         Deletion rate per base |	0.02%
                        Deletion average length |	1.33
                        Insertion rate per base |	3.63%
                       Insertion average length |	2.99
                             MULTI-MAPPING READS:
        Number of reads mapped to multiple loci |	5951
             % of reads mapped to multiple loci |	0.13%
        Number of reads mapped to too many loci |	0
             % of reads mapped to too many loci |	0.00%
                                  UNMAPPED READS:
  Number of reads unmapped: too many mismatches |	0
       % of reads unmapped: too many mismatches |	0.00%
            Number of reads unmapped: too short |	1050336
                 % of reads unmapped: too short |	22.15%
                Number of reads unmapped: other |	2
                     % of reads unmapped: other |	0.00%
                                  CHIMERIC READS:
                       Number of chimeric reads |	0
                            % of chimeric reads |	0.00%
