                                 Started job on |	Feb 14 11:39:09
                             Started mapping on |	Feb 14 11:39:11
                                    Finished on |	Feb 14 11:41:34
       Mapping speed, Million of reads per hour |	183.14

                          Number of input reads |	7274591
                      Average input read length |	166
                                    UNIQUE READS:
                   Uniquely mapped reads number |	5648215
                        Uniquely mapped reads % |	77.64%
                          Average mapped length |	150.71
                       Number of splices: Total |	0
            Number of splices: Annotated (sjdb) |	0
                       Number of splices: GT/AG |	0
                       Number of splices: GC/AG |	0
                       Number of splices: AT/AC |	0
               Number of splices: Non-canonical |	0
                      Mismatch rate per base, % |	0.00%
                         Deletion rate per base |	0.02%
                        Deletion average length |	1.31
                        Insertion rate per base |	3.58%
                       Insertion average length |	2.99
                             MULTI-MAPPING READS:
        Number of reads mapped to multiple loci |	11395
             % of reads mapped to multiple loci |	0.16%
        Number of reads mapped to too many loci |	0
             % of reads mapped to too many loci |	0.00%
                                  UNMAPPED READS:
  Number of reads unmapped: too many mismatches |	0
       % of reads unmapped: too many mismatches |	0.00%
            Number of reads unmapped: too short |	1614980
                 % of reads unmapped: too short |	22.20%
                Number of reads unmapped: other |	1
                     % of reads unmapped: other |	0.00%
                                  CHIMERIC READS:
                       Number of chimeric reads |	0
                            % of chimeric reads |	0.00%
