                                 Started job on |	Feb 14 11:31:34
                             Started mapping on |	Feb 14 11:31:36
                                    Finished on |	Feb 14 11:33:43
       Mapping speed, Million of reads per hour |	186.73

                          Number of input reads |	6587394
                      Average input read length |	166
                                    UNIQUE READS:
                   Uniquely mapped reads number |	5083573
                        Uniquely mapped reads % |	77.17%
                          Average mapped length |	151.50
                       Number of splices: Total |	1
            Number of splices: Annotated (sjdb) |	0
                       Number of splices: GT/AG |	0
                       Number of splices: GC/AG |	0
                       Number of splices: AT/AC |	0
               Number of splices: Non-canonical |	1
                      Mismatch rate per base, % |	0.00%
                         Deletion rate per base |	0.01%
                        Deletion average length |	1.64
                        Insertion rate per base |	3.63%
                       Insertion average length |	2.99
                             MULTI-MAPPING READS:
        Number of reads mapped to multiple loci |	7417
             % of reads mapped to multiple loci |	0.11%
        Number of reads mapped to too many loci |	0
             % of reads mapped to too many loci |	0.00%
                                  UNMAPPED READS:
  Number of reads unmapped: too many mismatches |	0
       % of reads unmapped: too many mismatches |	0.00%
            Number of reads unmapped: too short |	1496404
                 % of reads unmapped: too short |	22.72%
                Number of reads unmapped: other |	0
                     % of reads unmapped: other |	0.00%
                                  CHIMERIC READS:
                       Number of chimeric reads |	0
                            % of chimeric reads |	0.00%
