                                 Started job on |	Feb 14 11:51:30
                             Started mapping on |	Feb 14 11:51:32
                                    Finished on |	Feb 14 11:55:04
       Mapping speed, Million of reads per hour |	183.98

                          Number of input reads |	10834623
                      Average input read length |	166
                                    UNIQUE READS:
                   Uniquely mapped reads number |	8234770
                        Uniquely mapped reads % |	76.00%
                          Average mapped length |	150.61
                       Number of splices: Total |	0
            Number of splices: Annotated (sjdb) |	0
                       Number of splices: GT/AG |	0
                       Number of splices: GC/AG |	0
                       Number of splices: AT/AC |	0
               Number of splices: Non-canonical |	0
                      Mismatch rate per base, % |	0.00%
                         Deletion rate per base |	0.02%
                        Deletion average length |	1.29
                        Insertion rate per base |	3.59%
                       Insertion average length |	2.99
                             MULTI-MAPPING READS:
        Number of reads mapped to multiple loci |	9762
             % of reads mapped to multiple loci |	0.09%
        Number of reads mapped to too many loci |	0
             % of reads mapped to too many loci |	0.00%
                                  UNMAPPED READS:
  Number of reads unmapped: too many mismatches |	0
       % of reads unmapped: too many mismatches |	0.00%
            Number of reads unmapped: too short |	2590091
                 % of reads unmapped: too short |	23.91%
                Number of reads unmapped: other |	0
                     % of reads unmapped: other |	0.00%
                                  CHIMERIC READS:
                       Number of chimeric reads |	0
                            % of chimeric reads |	0.00%
