                                 Started job on |	Feb 14 13:20:08
                             Started mapping on |	Feb 14 13:20:10
                                    Finished on |	Feb 14 13:22:56
       Mapping speed, Million of reads per hour |	197.83

                          Number of input reads |	9122057
                      Average input read length |	166
                                    UNIQUE READS:
                   Uniquely mapped reads number |	7034050
                        Uniquely mapped reads % |	77.11%
                          Average mapped length |	150.30
                       Number of splices: Total |	0
            Number of splices: Annotated (sjdb) |	0
                       Number of splices: GT/AG |	0
                       Number of splices: GC/AG |	0
                       Number of splices: AT/AC |	0
               Number of splices: Non-canonical |	0
                      Mismatch rate per base, % |	0.00%
                         Deletion rate per base |	0.02%
                        Deletion average length |	1.23
                        Insertion rate per base |	3.54%
                       Insertion average length |	3.00
                             MULTI-MAPPING READS:
        Number of reads mapped to multiple loci |	23835
             % of reads mapped to multiple loci |	0.26%
        Number of reads mapped to too many loci |	0
             % of reads mapped to too many loci |	0.00%
                                  UNMAPPED READS:
  Number of reads unmapped: too many mismatches |	0
       % of reads unmapped: too many mismatches |	0.00%
            Number of reads unmapped: too short |	2064172
                 % of reads unmapped: too short |	22.63%
                Number of reads unmapped: other |	0
                     % of reads unmapped: other |	0.00%
                                  CHIMERIC READS:
                       Number of chimeric reads |	0
                            % of chimeric reads |	0.00%
