                                 Started job on |	Feb 14 13:53:45
                             Started mapping on |	Feb 14 13:53:47
                                    Finished on |	Feb 14 13:56:50
       Mapping speed, Million of reads per hour |	189.31

                          Number of input reads |	9623386
                      Average input read length |	166
                                    UNIQUE READS:
                   Uniquely mapped reads number |	7369034
                        Uniquely mapped reads % |	76.57%
                          Average mapped length |	150.98
                       Number of splices: Total |	0
            Number of splices: Annotated (sjdb) |	0
                       Number of splices: GT/AG |	0
                       Number of splices: GC/AG |	0
                       Number of splices: AT/AC |	0
               Number of splices: Non-canonical |	0
                      Mismatch rate per base, % |	0.00%
                         Deletion rate per base |	0.03%
                        Deletion average length |	1.83
                        Insertion rate per base |	3.60%
                       Insertion average length |	2.99
                             MULTI-MAPPING READS:
        Number of reads mapped to multiple loci |	13333
             % of reads mapped to multiple loci |	0.14%
        Number of reads mapped to too many loci |	0
             % of reads mapped to too many loci |	0.00%
                                  UNMAPPED READS:
  Number of reads unmapped: too many mismatches |	0
       % of reads unmapped: too many mismatches |	0.00%
            Number of reads unmapped: too short |	2241019
                 % of reads unmapped: too short |	23.29%
                Number of reads unmapped: other |	0
                     % of reads unmapped: other |	0.00%
                                  CHIMERIC READS:
                       Number of chimeric reads |	0
                            % of chimeric reads |	0.00%
