                                 Started job on |	Feb 14 13:11:13
                             Started mapping on |	Feb 14 13:11:15
                                    Finished on |	Feb 14 13:13:22
       Mapping speed, Million of reads per hour |	194.97

                          Number of input reads |	6878159
                      Average input read length |	166
                                    UNIQUE READS:
                   Uniquely mapped reads number |	5273906
                        Uniquely mapped reads % |	76.68%
                          Average mapped length |	151.43
                       Number of splices: Total |	0
            Number of splices: Annotated (sjdb) |	0
                       Number of splices: GT/AG |	0
                       Number of splices: GC/AG |	0
                       Number of splices: AT/AC |	0
               Number of splices: Non-canonical |	0
                      Mismatch rate per base, % |	0.00%
                         Deletion rate per base |	0.01%
                        Deletion average length |	1.52
                        Insertion rate per base |	3.61%
                       Insertion average length |	2.99
                             MULTI-MAPPING READS:
        Number of reads mapped to multiple loci |	11888
             % of reads mapped to multiple loci |	0.17%
        Number of reads mapped to too many loci |	0
             % of reads mapped to too many loci |	0.00%
                                  UNMAPPED READS:
  Number of reads unmapped: too many mismatches |	0
       % of reads unmapped: too many mismatches |	0.00%
            Number of reads unmapped: too short |	1592365
                 % of reads unmapped: too short |	23.15%
                Number of reads unmapped: other |	0
                     % of reads unmapped: other |	0.00%
                                  CHIMERIC READS:
                       Number of chimeric reads |	0
                            % of chimeric reads |	0.00%
