                                 Started job on |	Feb 14 13:31:56
                             Started mapping on |	Feb 14 13:31:58
                                    Finished on |	Feb 14 13:36:14
       Mapping speed, Million of reads per hour |	181.16

                          Number of input reads |	12882384
                      Average input read length |	166
                                    UNIQUE READS:
                   Uniquely mapped reads number |	9160174
                        Uniquely mapped reads % |	71.11%
                          Average mapped length |	149.10
                       Number of splices: Total |	1
            Number of splices: Annotated (sjdb) |	0
                       Number of splices: GT/AG |	0
                       Number of splices: GC/AG |	0
                       Number of splices: AT/AC |	0
               Number of splices: Non-canonical |	1
                      Mismatch rate per base, % |	0.00%
                         Deletion rate per base |	0.08%
                        Deletion average length |	1.06
                        Insertion rate per base |	3.46%
                       Insertion average length |	2.99
                             MULTI-MAPPING READS:
        Number of reads mapped to multiple loci |	13999
             % of reads mapped to multiple loci |	0.11%
        Number of reads mapped to too many loci |	0
             % of reads mapped to too many loci |	0.00%
                                  UNMAPPED READS:
  Number of reads unmapped: too many mismatches |	0
       % of reads unmapped: too many mismatches |	0.00%
            Number of reads unmapped: too short |	3708211
                 % of reads unmapped: too short |	28.79%
                Number of reads unmapped: other |	0
                     % of reads unmapped: other |	0.00%
                                  CHIMERIC READS:
                       Number of chimeric reads |	0
                            % of chimeric reads |	0.00%
