                                 Started job on |	Feb 14 13:43:28
                             Started mapping on |	Feb 14 13:43:30
                                    Finished on |	Feb 14 13:46:36
       Mapping speed, Million of reads per hour |	194.04

                          Number of input reads |	10025271
                      Average input read length |	166
                                    UNIQUE READS:
                   Uniquely mapped reads number |	7723080
                        Uniquely mapped reads % |	77.04%
                          Average mapped length |	151.51
                       Number of splices: Total |	0
            Number of splices: Annotated (sjdb) |	0
                       Number of splices: GT/AG |	0
                       Number of splices: GC/AG |	0
                       Number of splices: AT/AC |	0
               Number of splices: Non-canonical |	0
                      Mismatch rate per base, % |	0.00%
                         Deletion rate per base |	0.01%
                        Deletion average length |	1.50
                        Insertion rate per base |	3.61%
                       Insertion average length |	2.99
                             MULTI-MAPPING READS:
        Number of reads mapped to multiple loci |	15661
             % of reads mapped to multiple loci |	0.16%
        Number of reads mapped to too many loci |	0
             % of reads mapped to too many loci |	0.00%
                                  UNMAPPED READS:
  Number of reads unmapped: too many mismatches |	0
       % of reads unmapped: too many mismatches |	0.00%
            Number of reads unmapped: too short |	2286529
                 % of reads unmapped: too short |	22.81%
                Number of reads unmapped: other |	1
                     % of reads unmapped: other |	0.00%
                                  CHIMERIC READS:
                       Number of chimeric reads |	0
                            % of chimeric reads |	0.00%
