                                 Started job on |	Feb 14 17:01:59
                             Started mapping on |	Feb 14 17:02:01
                                    Finished on |	Feb 14 17:04:06
       Mapping speed, Million of reads per hour |	194.05

                          Number of input reads |	6737847
                      Average input read length |	166
                                    UNIQUE READS:
                   Uniquely mapped reads number |	5224925
                        Uniquely mapped reads % |	77.55%
                          Average mapped length |	151.19
                       Number of splices: Total |	0
            Number of splices: Annotated (sjdb) |	0
                       Number of splices: GT/AG |	0
                       Number of splices: GC/AG |	0
                       Number of splices: AT/AC |	0
               Number of splices: Non-canonical |	0
                      Mismatch rate per base, % |	0.00%
                         Deletion rate per base |	0.05%
                        Deletion average length |	1.48
                        Insertion rate per base |	3.59%
                       Insertion average length |	2.99
                             MULTI-MAPPING READS:
        Number of reads mapped to multiple loci |	11062
             % of reads mapped to multiple loci |	0.16%
        Number of reads mapped to too many loci |	0
             % of reads mapped to too many loci |	0.00%
                                  UNMAPPED READS:
  Number of reads unmapped: too many mismatches |	0
       % of reads unmapped: too many mismatches |	0.00%
            Number of reads unmapped: too short |	1501859
                 % of reads unmapped: too short |	22.29%
                Number of reads unmapped: other |	1
                     % of reads unmapped: other |	0.00%
                                  CHIMERIC READS:
                       Number of chimeric reads |	0
                            % of chimeric reads |	0.00%
