                                 Started job on |	Feb 14 16:25:46
                             Started mapping on |	Feb 14 16:25:48
                                    Finished on |	Feb 14 16:28:09
       Mapping speed, Million of reads per hour |	211.02

                          Number of input reads |	8265135
                      Average input read length |	166
                                    UNIQUE READS:
                   Uniquely mapped reads number |	6511423
                        Uniquely mapped reads % |	78.78%
                          Average mapped length |	150.72
                       Number of splices: Total |	0
            Number of splices: Annotated (sjdb) |	0
                       Number of splices: GT/AG |	0
                       Number of splices: GC/AG |	0
                       Number of splices: AT/AC |	0
               Number of splices: Non-canonical |	0
                      Mismatch rate per base, % |	0.00%
                         Deletion rate per base |	0.04%
                        Deletion average length |	1.13
                        Insertion rate per base |	3.55%
                       Insertion average length |	3.01
                             MULTI-MAPPING READS:
        Number of reads mapped to multiple loci |	28003
             % of reads mapped to multiple loci |	0.34%
        Number of reads mapped to too many loci |	0
             % of reads mapped to too many loci |	0.00%
                                  UNMAPPED READS:
  Number of reads unmapped: too many mismatches |	0
       % of reads unmapped: too many mismatches |	0.00%
            Number of reads unmapped: too short |	1725709
                 % of reads unmapped: too short |	20.88%
                Number of reads unmapped: other |	0
                     % of reads unmapped: other |	0.00%
                                  CHIMERIC READS:
                       Number of chimeric reads |	0
                            % of chimeric reads |	0.00%
