                                 Started job on |	Feb 14 16:17:57
                             Started mapping on |	Feb 14 16:17:59
                                    Finished on |	Feb 14 16:19:34
       Mapping speed, Million of reads per hour |	195.75

                          Number of input reads |	5165532
                      Average input read length |	166
                                    UNIQUE READS:
                   Uniquely mapped reads number |	4050346
                        Uniquely mapped reads % |	78.41%
                          Average mapped length |	152.01
                       Number of splices: Total |	0
            Number of splices: Annotated (sjdb) |	0
                       Number of splices: GT/AG |	0
                       Number of splices: GC/AG |	0
                       Number of splices: AT/AC |	0
               Number of splices: Non-canonical |	0
                      Mismatch rate per base, % |	0.00%
                         Deletion rate per base |	0.03%
                        Deletion average length |	1.22
                        Insertion rate per base |	3.61%
                       Insertion average length |	3.00
                             MULTI-MAPPING READS:
        Number of reads mapped to multiple loci |	11835
             % of reads mapped to multiple loci |	0.23%
        Number of reads mapped to too many loci |	0
             % of reads mapped to too many loci |	0.00%
                                  UNMAPPED READS:
  Number of reads unmapped: too many mismatches |	0
       % of reads unmapped: too many mismatches |	0.00%
            Number of reads unmapped: too short |	1103351
                 % of reads unmapped: too short |	21.36%
                Number of reads unmapped: other |	0
                     % of reads unmapped: other |	0.00%
                                  CHIMERIC READS:
                       Number of chimeric reads |	0
                            % of chimeric reads |	0.00%
