                                 Started job on |	Feb 14 16:41:58
                             Started mapping on |	Feb 14 16:42:00
                                    Finished on |	Feb 14 16:49:14
       Mapping speed, Million of reads per hour |	163.76

                          Number of input reads |	19741855
                      Average input read length |	166
                                    UNIQUE READS:
                   Uniquely mapped reads number |	10534332
                        Uniquely mapped reads % |	53.36%
                          Average mapped length |	142.37
                       Number of splices: Total |	0
            Number of splices: Annotated (sjdb) |	0
                       Number of splices: GT/AG |	0
                       Number of splices: GC/AG |	0
                       Number of splices: AT/AC |	0
               Number of splices: Non-canonical |	0
                      Mismatch rate per base, % |	0.00%
                         Deletion rate per base |	0.46%
                        Deletion average length |	1.01
                        Insertion rate per base |	2.80%
                       Insertion average length |	3.00
                             MULTI-MAPPING READS:
        Number of reads mapped to multiple loci |	13942
             % of reads mapped to multiple loci |	0.07%
        Number of reads mapped to too many loci |	0
             % of reads mapped to too many loci |	0.00%
                                  UNMAPPED READS:
  Number of reads unmapped: too many mismatches |	0
       % of reads unmapped: too many mismatches |	0.00%
            Number of reads unmapped: too short |	9193581
                 % of reads unmapped: too short |	46.57%
                Number of reads unmapped: other |	0
                     % of reads unmapped: other |	0.00%
                                  CHIMERIC READS:
                       Number of chimeric reads |	0
                            % of chimeric reads |	0.00%
