                                 Started job on |	Feb 15 13:39:50
                             Started mapping on |	Feb 15 13:39:53
                                    Finished on |	Feb 15 13:45:31
       Mapping speed, Million of reads per hour |	84.81

                          Number of input reads |	7962461
                      Average input read length |	166
                                    UNIQUE READS:
                   Uniquely mapped reads number |	5899226
                        Uniquely mapped reads % |	74.09%
                          Average mapped length |	150.95
                       Number of splices: Total |	3
            Number of splices: Annotated (sjdb) |	0
                       Number of splices: GT/AG |	1
                       Number of splices: GC/AG |	0
                       Number of splices: AT/AC |	0
               Number of splices: Non-canonical |	2
                      Mismatch rate per base, % |	0.00%
                         Deletion rate per base |	0.09%
                        Deletion average length |	1.14
                        Insertion rate per base |	3.62%
                       Insertion average length |	2.98
                             MULTI-MAPPING READS:
        Number of reads mapped to multiple loci |	11596
             % of reads mapped to multiple loci |	0.15%
        Number of reads mapped to too many loci |	0
             % of reads mapped to too many loci |	0.00%
                                  UNMAPPED READS:
  Number of reads unmapped: too many mismatches |	0
       % of reads unmapped: too many mismatches |	0.00%
            Number of reads unmapped: too short |	2051639
                 % of reads unmapped: too short |	25.77%
                Number of reads unmapped: other |	0
                     % of reads unmapped: other |	0.00%
                                  CHIMERIC READS:
                       Number of chimeric reads |	0
                            % of chimeric reads |	0.00%
