                                 Started job on |	Feb 15 13:25:22
                             Started mapping on |	Feb 15 13:25:24
                                    Finished on |	Feb 15 13:28:51
       Mapping speed, Million of reads per hour |	84.51

                          Number of input reads |	4859102
                      Average input read length |	166
                                    UNIQUE READS:
                   Uniquely mapped reads number |	3604969
                        Uniquely mapped reads % |	74.19%
                          Average mapped length |	150.93
                       Number of splices: Total |	2
            Number of splices: Annotated (sjdb) |	0
                       Number of splices: GT/AG |	1
                       Number of splices: GC/AG |	0
                       Number of splices: AT/AC |	0
               Number of splices: Non-canonical |	1
                      Mismatch rate per base, % |	0.00%
                         Deletion rate per base |	0.09%
                        Deletion average length |	1.13
                        Insertion rate per base |	3.64%
                       Insertion average length |	2.98
                             MULTI-MAPPING READS:
        Number of reads mapped to multiple loci |	6527
             % of reads mapped to multiple loci |	0.13%
        Number of reads mapped to too many loci |	0
             % of reads mapped to too many loci |	0.00%
                                  UNMAPPED READS:
  Number of reads unmapped: too many mismatches |	0
       % of reads unmapped: too many mismatches |	0.00%
            Number of reads unmapped: too short |	1247596
                 % of reads unmapped: too short |	25.68%
                Number of reads unmapped: other |	10
                     % of reads unmapped: other |	0.00%
                                  CHIMERIC READS:
                       Number of chimeric reads |	0
                            % of chimeric reads |	0.00%
