                                 Started job on |	Feb 15 13:15:09
                             Started mapping on |	Feb 15 13:15:11
                                    Finished on |	Feb 15 13:18:40
       Mapping speed, Million of reads per hour |	85.80

                          Number of input reads |	4981079
                      Average input read length |	166
                                    UNIQUE READS:
                   Uniquely mapped reads number |	3720261
                        Uniquely mapped reads % |	74.69%
                          Average mapped length |	151.10
                       Number of splices: Total |	3
            Number of splices: Annotated (sjdb) |	0
                       Number of splices: GT/AG |	0
                       Number of splices: GC/AG |	1
                       Number of splices: AT/AC |	0
               Number of splices: Non-canonical |	2
                      Mismatch rate per base, % |	0.00%
                         Deletion rate per base |	0.08%
                        Deletion average length |	1.14
                        Insertion rate per base |	3.63%
                       Insertion average length |	2.98
                             MULTI-MAPPING READS:
        Number of reads mapped to multiple loci |	7265
             % of reads mapped to multiple loci |	0.15%
        Number of reads mapped to too many loci |	0
             % of reads mapped to too many loci |	0.00%
                                  UNMAPPED READS:
  Number of reads unmapped: too many mismatches |	0
       % of reads unmapped: too many mismatches |	0.00%
            Number of reads unmapped: too short |	1253552
                 % of reads unmapped: too short |	25.17%
                Number of reads unmapped: other |	1
                     % of reads unmapped: other |	0.00%
                                  CHIMERIC READS:
                       Number of chimeric reads |	0
                            % of chimeric reads |	0.00%
