                                 Started job on |	Feb 15 13:54:59
                             Started mapping on |	Feb 15 13:55:02
                                    Finished on |	Feb 15 13:59:55
       Mapping speed, Million of reads per hour |	87.59

                          Number of input reads |	7128549
                      Average input read length |	166
                                    UNIQUE READS:
                   Uniquely mapped reads number |	5312520
                        Uniquely mapped reads % |	74.52%
                          Average mapped length |	151.02
                       Number of splices: Total |	2
            Number of splices: Annotated (sjdb) |	0
                       Number of splices: GT/AG |	0
                       Number of splices: GC/AG |	0
                       Number of splices: AT/AC |	0
               Number of splices: Non-canonical |	2
                      Mismatch rate per base, % |	0.00%
                         Deletion rate per base |	0.08%
                        Deletion average length |	1.14
                        Insertion rate per base |	3.63%
                       Insertion average length |	2.98
                             MULTI-MAPPING READS:
        Number of reads mapped to multiple loci |	10516
             % of reads mapped to multiple loci |	0.15%
        Number of reads mapped to too many loci |	0
             % of reads mapped to too many loci |	0.00%
                                  UNMAPPED READS:
  Number of reads unmapped: too many mismatches |	0
       % of reads unmapped: too many mismatches |	0.00%
            Number of reads unmapped: too short |	1805513
                 % of reads unmapped: too short |	25.33%
                Number of reads unmapped: other |	0
                     % of reads unmapped: other |	0.00%
                                  CHIMERIC READS:
                       Number of chimeric reads |	0
                            % of chimeric reads |	0.00%
