                                 Started job on |	Feb 15 15:39:49
                             Started mapping on |	Feb 15 15:39:52
                                    Finished on |	Feb 15 15:43:37
       Mapping speed, Million of reads per hour |	84.19

                          Number of input reads |	5262151
                      Average input read length |	166
                                    UNIQUE READS:
                   Uniquely mapped reads number |	3915557
                        Uniquely mapped reads % |	74.41%
                          Average mapped length |	150.90
                       Number of splices: Total |	2
            Number of splices: Annotated (sjdb) |	0
                       Number of splices: GT/AG |	1
                       Number of splices: GC/AG |	0
                       Number of splices: AT/AC |	0
               Number of splices: Non-canonical |	1
                      Mismatch rate per base, % |	0.00%
                         Deletion rate per base |	0.08%
                        Deletion average length |	1.14
                        Insertion rate per base |	3.65%
                       Insertion average length |	2.98
                             MULTI-MAPPING READS:
        Number of reads mapped to multiple loci |	7077
             % of reads mapped to multiple loci |	0.13%
        Number of reads mapped to too many loci |	0
             % of reads mapped to too many loci |	0.00%
                                  UNMAPPED READS:
  Number of reads unmapped: too many mismatches |	0
       % of reads unmapped: too many mismatches |	0.00%
            Number of reads unmapped: too short |	1339450
                 % of reads unmapped: too short |	25.45%
                Number of reads unmapped: other |	67
                     % of reads unmapped: other |	0.00%
                                  CHIMERIC READS:
                       Number of chimeric reads |	0
                            % of chimeric reads |	0.00%
