                                 Started job on |	Feb 15 16:27:45
                             Started mapping on |	Feb 15 16:27:47
                                    Finished on |	Feb 15 16:34:05
       Mapping speed, Million of reads per hour |	87.00

                          Number of input reads |	9134801
                      Average input read length |	166
                                    UNIQUE READS:
                   Uniquely mapped reads number |	6832316
                        Uniquely mapped reads % |	74.79%
                          Average mapped length |	151.12
                       Number of splices: Total |	1
            Number of splices: Annotated (sjdb) |	0
                       Number of splices: GT/AG |	0
                       Number of splices: GC/AG |	0
                       Number of splices: AT/AC |	0
               Number of splices: Non-canonical |	1
                      Mismatch rate per base, % |	0.00%
                         Deletion rate per base |	0.08%
                        Deletion average length |	1.13
                        Insertion rate per base |	3.63%
                       Insertion average length |	2.98
                             MULTI-MAPPING READS:
        Number of reads mapped to multiple loci |	13319
             % of reads mapped to multiple loci |	0.15%
        Number of reads mapped to too many loci |	0
             % of reads mapped to too many loci |	0.00%
                                  UNMAPPED READS:
  Number of reads unmapped: too many mismatches |	0
       % of reads unmapped: too many mismatches |	0.00%
            Number of reads unmapped: too short |	2289164
                 % of reads unmapped: too short |	25.06%
                Number of reads unmapped: other |	2
                     % of reads unmapped: other |	0.00%
                                  CHIMERIC READS:
                       Number of chimeric reads |	0
                            % of chimeric reads |	0.00%
