                                 Started job on |	Feb 15 15:54:24
                             Started mapping on |	Feb 15 15:54:26
                                    Finished on |	Feb 15 16:00:20
       Mapping speed, Million of reads per hour |	85.16

                          Number of input reads |	8373613
                      Average input read length |	166
                                    UNIQUE READS:
                   Uniquely mapped reads number |	6219992
                        Uniquely mapped reads % |	74.28%
                          Average mapped length |	150.94
                       Number of splices: Total |	7
            Number of splices: Annotated (sjdb) |	0
                       Number of splices: GT/AG |	1
                       Number of splices: GC/AG |	1
                       Number of splices: AT/AC |	0
               Number of splices: Non-canonical |	5
                      Mismatch rate per base, % |	0.00%
                         Deletion rate per base |	0.08%
                        Deletion average length |	1.14
                        Insertion rate per base |	3.63%
                       Insertion average length |	2.98
                             MULTI-MAPPING READS:
        Number of reads mapped to multiple loci |	12163
             % of reads mapped to multiple loci |	0.15%
        Number of reads mapped to too many loci |	0
             % of reads mapped to too many loci |	0.00%
                                  UNMAPPED READS:
  Number of reads unmapped: too many mismatches |	0
       % of reads unmapped: too many mismatches |	0.00%
            Number of reads unmapped: too short |	2141457
                 % of reads unmapped: too short |	25.57%
                Number of reads unmapped: other |	1
                     % of reads unmapped: other |	0.00%
                                  CHIMERIC READS:
                       Number of chimeric reads |	0
                            % of chimeric reads |	0.00%
