                                 Started job on |	Feb 15 15:29:14
                             Started mapping on |	Feb 15 15:29:17
                                    Finished on |	Feb 15 15:33:02
       Mapping speed, Million of reads per hour |	84.50

                          Number of input reads |	5281318
                      Average input read length |	166
                                    UNIQUE READS:
                   Uniquely mapped reads number |	3960747
                        Uniquely mapped reads % |	75.00%
                          Average mapped length |	151.06
                       Number of splices: Total |	2
            Number of splices: Annotated (sjdb) |	0
                       Number of splices: GT/AG |	0
                       Number of splices: GC/AG |	0
                       Number of splices: AT/AC |	0
               Number of splices: Non-canonical |	2
                      Mismatch rate per base, % |	0.00%
                         Deletion rate per base |	0.08%
                        Deletion average length |	1.14
                        Insertion rate per base |	3.64%
                       Insertion average length |	2.98
                             MULTI-MAPPING READS:
        Number of reads mapped to multiple loci |	8072
             % of reads mapped to multiple loci |	0.15%
        Number of reads mapped to too many loci |	0
             % of reads mapped to too many loci |	0.00%
                                  UNMAPPED READS:
  Number of reads unmapped: too many mismatches |	0
       % of reads unmapped: too many mismatches |	0.00%
            Number of reads unmapped: too short |	1312499
                 % of reads unmapped: too short |	24.85%
                Number of reads unmapped: other |	0
                     % of reads unmapped: other |	0.00%
                                  CHIMERIC READS:
                       Number of chimeric reads |	0
                            % of chimeric reads |	0.00%
